23-Nov-2021 10:36:56.229 資訊 [main] org.apache.catalina.startup.VersionLoggerListener.log Server version name:   Apache Tomcat/9.0.55
23-Nov-2021 10:36:56.261 資訊 [main] org.apache.catalina.startup.VersionLoggerListener.log Server built:          Nov 10 2021 08:26:45 UTC
23-Nov-2021 10:36:56.261 資訊 [main] org.apache.catalina.startup.VersionLoggerListener.log Server version number: 9.0.55.0
23-Nov-2021 10:36:56.261 資訊 [main] org.apache.catalina.startup.VersionLoggerListener.log OS Name:               Windows 10
23-Nov-2021 10:36:56.262 資訊 [main] org.apache.catalina.startup.VersionLoggerListener.log OS Version:            10.0
23-Nov-2021 10:36:56.262 資訊 [main] org.apache.catalina.startup.VersionLoggerListener.log Architecture:          amd64
23-Nov-2021 10:36:56.262 資訊 [main] org.apache.catalina.startup.VersionLoggerListener.log Java Home:             z:\GitHub\TomcatWithJDK\jdk11-tomcat9\apache-tomcat-9.0.55\jdk-11.0.13+8-jre
23-Nov-2021 10:36:56.263 資訊 [main] org.apache.catalina.startup.VersionLoggerListener.log JVM Version:           11.0.13+8
23-Nov-2021 10:36:56.264 資訊 [main] org.apache.catalina.startup.VersionLoggerListener.log JVM Vendor:            Eclipse Adoptium
23-Nov-2021 10:36:56.264 資訊 [main] org.apache.catalina.startup.VersionLoggerListener.log CATALINA_BASE:         Z:\GitHub\TomcatWithJDK\jdk11-tomcat9\apache-tomcat-9.0.55
23-Nov-2021 10:36:56.265 資訊 [main] org.apache.catalina.startup.VersionLoggerListener.log CATALINA_HOME:         Z:\GitHub\TomcatWithJDK\jdk11-tomcat9\apache-tomcat-9.0.55
23-Nov-2021 10:36:56.300 資訊 [main] org.apache.catalina.startup.VersionLoggerListener.log Command line argument: --add-opens=java.base/java.lang=ALL-UNNAMED
23-Nov-2021 10:36:56.302 資訊 [main] org.apache.catalina.startup.VersionLoggerListener.log Command line argument: --add-opens=java.base/java.io=ALL-UNNAMED
23-Nov-2021 10:36:56.303 資訊 [main] org.apache.catalina.startup.VersionLoggerListener.log Command line argument: --add-opens=java.base/java.util=ALL-UNNAMED
23-Nov-2021 10:36:56.304 資訊 [main] org.apache.catalina.startup.VersionLoggerListener.log Command line argument: --add-opens=java.base/java.util.concurrent=ALL-UNNAMED
23-Nov-2021 10:36:56.304 資訊 [main] org.apache.catalina.startup.VersionLoggerListener.log Command line argument: --add-opens=java.rmi/sun.rmi.transport=ALL-UNNAMED
23-Nov-2021 10:36:56.305 資訊 [main] org.apache.catalina.startup.VersionLoggerListener.log Command line argument: -Djava.util.logging.config.file=z:\GitHub\TomcatWithJDK\jdk11-tomcat9\apache-tomcat-9.0.55\conf\logging.properties
23-Nov-2021 10:36:56.306 資訊 [main] org.apache.catalina.startup.VersionLoggerListener.log Command line argument: -Djava.util.logging.manager=org.apache.juli.ClassLoaderLogManager
23-Nov-2021 10:36:56.306 資訊 [main] org.apache.catalina.startup.VersionLoggerListener.log Command line argument: -Djdk.tls.ephemeralDHKeySize=2048
23-Nov-2021 10:36:56.307 資訊 [main] org.apache.catalina.startup.VersionLoggerListener.log Command line argument: -Djava.protocol.handler.pkgs=org.apache.catalina.webresources
23-Nov-2021 10:36:56.308 資訊 [main] org.apache.catalina.startup.VersionLoggerListener.log Command line argument: -Dignore.endorsed.dirs=
23-Nov-2021 10:36:56.309 資訊 [main] org.apache.catalina.startup.VersionLoggerListener.log Command line argument: -Dcatalina.base=z:\GitHub\TomcatWithJDK\jdk11-tomcat9\apache-tomcat-9.0.55
23-Nov-2021 10:36:56.310 資訊 [main] org.apache.catalina.startup.VersionLoggerListener.log Command line argument: -Dcatalina.home=z:\GitHub\TomcatWithJDK\jdk11-tomcat9\apache-tomcat-9.0.55
23-Nov-2021 10:36:56.310 資訊 [main] org.apache.catalina.startup.VersionLoggerListener.log Command line argument: -Djava.io.tmpdir=z:\GitHub\TomcatWithJDK\jdk11-tomcat9\apache-tomcat-9.0.55\temp
23-Nov-2021 10:36:56.357 資訊 [main] org.apache.catalina.core.AprLifecycleListener.lifecycleEvent The Apache Tomcat Native library which allows using OpenSSL was not found on the java.library.path: [z:\GitHub\TomcatWithJDK\jdk11-tomcat9\apache-tomcat-9.0.55\jdk-11.0.13+8-jre\bin;C:\WINDOWS\Sun\Java\bin;C:\WINDOWS\system32;C:\WINDOWS;D:\jdk\jdk-11.0.11.9-hotspot\bin;C:\Python38\Scripts\;C:\Python38\;D:\apache-ant-1.9.1\\bin\;z:\Android\sdk\;z:\Android\sdk\platform-tools;C:\Program Files\dotnet\;C:\Program Files (x86)\AMD APP\bin\x86_64;C:\Program Files (x86)\AMD APP\bin\x86;C:\Program Files (x86)\Intel\iCLS Client\;C:\Program Files\Intel\iCLS Client\;C:\Windows\System32\WindowsPowerShell\v1.0\;C:\Program Files (x86)\ATI Technologies\ATI.ACE\Core-Static;C:\Program Files (x86)\Sybase\SQL Anywhere 8\win32;C:\Program Files (x86)\Sybase\Shared\win32;C:\Program Files (x86)\Sybase\SQL Anywhere 8\drivers;C:\Program Files (x86)\Sybase\Shared\Sybase Central 4.1;C:\Program Files (x86)\Sybase 9\SQL Anywhere 9\win32;C:\Program Files (x86)\Sybase 9\Shared\win32;C:\Program Files (x86)\Sybase 9\SQL Anywhere 9\drivers;C:\Program Files (x86)\Sybase 9\Shared\Sybase Central 4.3\win32;C:\Program Files (x86)\Sybase 9\Shared\PowerBuilder;C:\Program Files (x86)\Sybase 9\Shared\DataDirect;C:\Program Files (x86)\Sybase 9\InfoMaker 9.0\Tutorial;C:\Program Files\SQL Anywhere 10\x64;C:\Program Files\SQL Anywhere 10\win32;C:\Program Files\SQL Anywhere 10\Sybase Central 5.0.0\win32;C:\Program Files\TortoiseSVN\bin;C:\Program Files\OpenVPN\bin;C:\Program Files (x86)\Microsoft SQL Server\110\Tools\Binn\;C:\Program Files\Microsoft SQL Server\110\Tools\Binn\;C:\Program Files\Microsoft SQL Server\110\DTS\Binn\;C:\Program Files (x86)\Microsoft SQL Server\110\Tools\Binn\ManagementStudio\;C:\Program Files (x86)\Microsoft SQL Server\110\DTS\Binn\;C:\Program Files (x86)\Git\cmd;;C:\Program Files\Microsoft SQL Server\110\Tools\Binn\;C:\Program Files (x86)\Toshiba\Bluetooth Toshiba Stack\sys\;C:\Program Files (x86)\Toshiba\Bluetooth Toshiba Stack\sys\x64\;C:\Program Files\Microsoft SQL Server\120\Tools\Binn\;C:\WINDOWS\system32;C:\WINDOWS;C:\WINDOWS\System32\Wbem;C:\WINDOWS\System32\WindowsPowerShell\v1.0\;C:\Program Files (x86)\ATI Technologies\ATI.ACE\Core-Static;D:\php-5.6.18-Win32-VC11-x86;C:\ProgramData\ComposerSetup\bin;C:\WINDOWS\system32\config\systemprofile\.dnx\bin;C:\Program Files\Microsoft DNX\Dnvm\;C:\Program Files\Microsoft SQL Server\130\Tools\Binn\;C:\Program Files\ojdkbuild\java-1.8.0-openjdk-1.8.0.111-3\bin;z:\Android\sdk\\tools;C:\ProgramData\chocolatey\bin;C:\Program Files\OpenVPN\bin;C:\Program Files (x86)\GtkSharp\2.12\bin;C:\Program Files\TortoiseSVN\bin;C:\Program Files\SQL Anywhere 17\bin64;C:\Program Files\SQL Anywhere 17\bin32;C:\Program Files (x86)\AMD\ATI.ACE\Core-Static;C:\WINDOWS\System32\OpenSSH\;C:\Program Files\Microsoft VS Code\bin;C:\Program Files (x86)\Microsoft SQL Server\Client SDK\ODBC\130\Tools\Binn\;C:\Program Files (x86)\Microsoft SQL Server\140\Tools\Binn\;C:\Program Files (x86)\Microsoft SQL Server\140\DTS\Binn\;C:\Program Files (x86)\Microsoft SQL Server\140\Tools\Binn\ManagementStudio\;C:\Program Files\Java\jdk1.8.0_191\bin;C:\Program Files (x86)\Calibre2\;C:\Program Files\Microsoft SQL Server\Client SDK\ODBC\170\Tools\Binn\;C:\Users\daisy\AppData\Roaming\npm;C:\Program Files\RedHat\java-11-openjdk-11.0.7-1\bin;C:\Program Files\nodejs\;C:\Program Files\Docker\Docker\resources\bin;C:\ProgramData\DockerDesktop\version-bin;C:\Program Files\Git\cmd;C:\Program Files (x86)\dotnet\;C:\Program Files\SQL Anywhere 16\bin64;C:\Program Files\SQL Anywhere 16\bin32;C:\Program Files\PuTTY\;C:\Ruby27-x64\bin;C:\Program Files\nodejs;C:\Users\Daisy\AppData\Local\atom\bin;C:\Users\Daisy\AppData\Local\Microsoft\WindowsApps;C:\Program Files\Microsoft VS Code\bin;D:\Android\sdk\tools;C:\Users\Daisy\AppData\Local\Programs\Microsoft VS Code\bin;d:\Program Files\Azure Data Studio\bin;C:\Users\Daisy\AppData\Local\GitHubDesktop\bin;D:\kubectl\;C:\Users\Daisy\.dotnet\tools;C:\Users\Daisy\AppData\Local\Microsoft\WindowsApps;C:\Users\Daisy\AppData\Roaming\npm;C:\ProgramData\DockerDesktop\version-bin;C:\Program Files\Docker\Docker\resources\bin;C:\Users\Daisy\AppData\Local\Google\Cloud SDK\google-cloud-sdk\bin;.]
23-Nov-2021 10:36:56.903 資訊 [main] org.apache.coyote.AbstractProtocol.init Initializing ProtocolHandler ["http-nio-8080"]
23-Nov-2021 10:36:57.012 資訊 [main] org.apache.catalina.startup.Catalina.load Server initialization in [1140] milliseconds
23-Nov-2021 10:36:57.135 資訊 [main] org.apache.catalina.core.StandardService.startInternal Starting service [Catalina]
23-Nov-2021 10:36:57.137 資訊 [main] org.apache.catalina.core.StandardEngine.startInternal Starting Servlet engine: [Apache Tomcat/9.0.55]
23-Nov-2021 10:36:57.154 資訊 [main] org.apache.catalina.startup.HostConfig.deployDirectory Deploying web application directory [Z:\GitHub\TomcatWithJDK\jdk11-tomcat9\apache-tomcat-9.0.55\webapps\docs]
23-Nov-2021 10:36:58.290 警告 [main] org.apache.catalina.util.SessionIdGeneratorBase.createSecureRandom Creation of SecureRandom instance for session ID generation using [SHA1PRNG] took [755] milliseconds.
23-Nov-2021 10:36:58.327 資訊 [main] org.apache.catalina.startup.HostConfig.deployDirectory Deployment of web application directory [Z:\GitHub\TomcatWithJDK\jdk11-tomcat9\apache-tomcat-9.0.55\webapps\docs] has finished in [1,173] ms
23-Nov-2021 10:36:58.329 資訊 [main] org.apache.catalina.startup.HostConfig.deployDirectory Deploying web application directory [Z:\GitHub\TomcatWithJDK\jdk11-tomcat9\apache-tomcat-9.0.55\webapps\examples]
23-Nov-2021 10:36:59.245 資訊 [main] org.apache.catalina.startup.HostConfig.deployDirectory Deployment of web application directory [Z:\GitHub\TomcatWithJDK\jdk11-tomcat9\apache-tomcat-9.0.55\webapps\examples] has finished in [916] ms
23-Nov-2021 10:36:59.249 資訊 [main] org.apache.catalina.startup.HostConfig.deployDirectory Deploying web application directory [Z:\GitHub\TomcatWithJDK\jdk11-tomcat9\apache-tomcat-9.0.55\webapps\host-manager]
23-Nov-2021 10:36:59.359 資訊 [main] org.apache.catalina.startup.HostConfig.deployDirectory Deployment of web application directory [Z:\GitHub\TomcatWithJDK\jdk11-tomcat9\apache-tomcat-9.0.55\webapps\host-manager] has finished in [110] ms
23-Nov-2021 10:36:59.361 資訊 [main] org.apache.catalina.startup.HostConfig.deployDirectory Deploying web application directory [Z:\GitHub\TomcatWithJDK\jdk11-tomcat9\apache-tomcat-9.0.55\webapps\manager]
23-Nov-2021 10:36:59.431 資訊 [main] org.apache.catalina.startup.HostConfig.deployDirectory Deployment of web application directory [Z:\GitHub\TomcatWithJDK\jdk11-tomcat9\apache-tomcat-9.0.55\webapps\manager] has finished in [71] ms
23-Nov-2021 10:36:59.434 資訊 [main] org.apache.catalina.startup.HostConfig.deployDirectory Deploying web application directory [Z:\GitHub\TomcatWithJDK\jdk11-tomcat9\apache-tomcat-9.0.55\webapps\ROOT]
23-Nov-2021 10:36:59.479 資訊 [main] org.apache.catalina.startup.HostConfig.deployDirectory Deployment of web application directory [Z:\GitHub\TomcatWithJDK\jdk11-tomcat9\apache-tomcat-9.0.55\webapps\ROOT] has finished in [45] ms
23-Nov-2021 10:36:59.486 資訊 [main] org.apache.coyote.AbstractProtocol.start Starting ProtocolHandler ["http-nio-8080"]
23-Nov-2021 10:37:00.290 資訊 [main] org.apache.catalina.startup.Catalina.start Server startup in [3275] milliseconds
23-Nov-2021 10:37:12.781 資訊 [main] org.apache.catalina.core.StandardServer.await A valid shutdown command was received via the shutdown port. Stopping the Server instance.
23-Nov-2021 10:37:12.783 資訊 [main] org.apache.coyote.AbstractProtocol.pause Pausing ProtocolHandler ["http-nio-8080"]
23-Nov-2021 10:37:13.443 資訊 [main] org.apache.catalina.core.StandardService.stopInternal Stopping service [Catalina]
23-Nov-2021 10:37:13.476 資訊 [main] org.apache.coyote.AbstractProtocol.stop Stopping ProtocolHandler ["http-nio-8080"]
23-Nov-2021 10:37:13.490 資訊 [main] org.apache.coyote.AbstractProtocol.destroy Destroying ProtocolHandler ["http-nio-8080"]
